>> Writing PID to tmp/pids/thin.pid
>> Using rack adapter
>> Exiting!
/usr/lib/ruby/gems/1.9.1/gems/bundler-1.3.0/lib/bundler/runtime.rb:33:in `block in setup': You have already activated rack 1.5.2, but your Gemfile requires rack 1.4.5. Using bundle exec may solve this. (Gem::LoadError)
	from /usr/lib/ruby/gems/1.9.1/gems/bundler-1.3.0/lib/bundler/runtime.rb:19:in `setup'
	from /usr/lib/ruby/gems/1.9.1/gems/bundler-1.3.0/lib/bundler.rb:120:in `setup'
	from /usr/lib/ruby/gems/1.9.1/gems/bundler-1.3.0/lib/bundler/setup.rb:17:in `<top (required)>'
	from /usr/local/lib/site_ruby/1.9.1/rubygems/custom_require.rb:60:in `require'
	from /usr/local/lib/site_ruby/1.9.1/rubygems/custom_require.rb:60:in `rescue in require'
	from /usr/local/lib/site_ruby/1.9.1/rubygems/custom_require.rb:35:in `require'
	from /home/markovnin/www/priem/config/boot.rb:6:in `<top (required)>'
	from /usr/local/lib/site_ruby/1.9.1/rubygems/custom_require.rb:36:in `require'
	from /usr/local/lib/site_ruby/1.9.1/rubygems/custom_require.rb:36:in `require'
	from /home/markovnin/www/priem/config/application.rb:1:in `<top (required)>'
	from /usr/local/lib/site_ruby/1.9.1/rubygems/custom_require.rb:36:in `require'
	from /usr/local/lib/site_ruby/1.9.1/rubygems/custom_require.rb:36:in `require'
	from /home/markovnin/www/priem/config/environment.rb:2:in `<top (required)>'
	from /usr/local/lib/site_ruby/1.9.1/rubygems/custom_require.rb:36:in `require'
	from /usr/local/lib/site_ruby/1.9.1/rubygems/custom_require.rb:36:in `require'
	from /home/markovnin/www/priem/config.ru:3:in `block in <main>'
	from /usr/lib/ruby/gems/1.9.1/gems/rack-1.5.2/lib/rack/builder.rb:55:in `instance_eval'
	from /usr/lib/ruby/gems/1.9.1/gems/rack-1.5.2/lib/rack/builder.rb:55:in `initialize'
	from /home/markovnin/www/priem/config.ru:1:in `new'
	from /home/markovnin/www/priem/config.ru:1:in `<main>'
	from /usr/lib/ruby/gems/1.9.1/gems/thin-1.5.0/lib/rack/adapter/loader.rb:33:in `eval'
	from /usr/lib/ruby/gems/1.9.1/gems/thin-1.5.0/lib/rack/adapter/loader.rb:33:in `load'
	from /usr/lib/ruby/gems/1.9.1/gems/thin-1.5.0/lib/rack/adapter/loader.rb:42:in `for'
	from /usr/lib/ruby/gems/1.9.1/gems/thin-1.5.0/lib/thin/controllers/controller.rb:169:in `load_adapter'
	from /usr/lib/ruby/gems/1.9.1/gems/thin-1.5.0/lib/thin/controllers/controller.rb:73:in `start'
	from /usr/lib/ruby/gems/1.9.1/gems/thin-1.5.0/lib/thin/runner.rb:187:in `run_command'
	from /usr/lib/ruby/gems/1.9.1/gems/thin-1.5.0/lib/thin/runner.rb:152:in `run!'
	from /usr/lib/ruby/gems/1.9.1/gems/thin-1.5.0/bin/thin:6:in `<top (required)>'
	from /usr/bin/thin:23:in `load'
	from /usr/bin/thin:23:in `<main>'
>> Writing PID to tmp/pids/thin.pid
>> Using rack adapter
>> Exiting!
/usr/lib/ruby/gems/1.9.1/gems/bundler-1.3.0/lib/bundler/runtime.rb:33:in `block in setup': You have already activated rack 1.5.2, but your Gemfile requires rack 1.4.5. Using bundle exec may solve this. (Gem::LoadError)
	from /usr/lib/ruby/gems/1.9.1/gems/bundler-1.3.0/lib/bundler/runtime.rb:19:in `setup'
	from /usr/lib/ruby/gems/1.9.1/gems/bundler-1.3.0/lib/bundler.rb:120:in `setup'
	from /usr/lib/ruby/gems/1.9.1/gems/bundler-1.3.0/lib/bundler/setup.rb:17:in `<top (required)>'
	from /usr/local/lib/site_ruby/1.9.1/rubygems/custom_require.rb:60:in `require'
	from /usr/local/lib/site_ruby/1.9.1/rubygems/custom_require.rb:60:in `rescue in require'
	from /usr/local/lib/site_ruby/1.9.1/rubygems/custom_require.rb:35:in `require'
	from /home/markovnin/www/priem/config/boot.rb:6:in `<top (required)>'
	from /usr/local/lib/site_ruby/1.9.1/rubygems/custom_require.rb:36:in `require'
	from /usr/local/lib/site_ruby/1.9.1/rubygems/custom_require.rb:36:in `require'
	from /home/markovnin/www/priem/config/application.rb:1:in `<top (required)>'
	from /usr/local/lib/site_ruby/1.9.1/rubygems/custom_require.rb:36:in `require'
	from /usr/local/lib/site_ruby/1.9.1/rubygems/custom_require.rb:36:in `require'
	from /home/markovnin/www/priem/config/environment.rb:2:in `<top (required)>'
	from /usr/local/lib/site_ruby/1.9.1/rubygems/custom_require.rb:36:in `require'
	from /usr/local/lib/site_ruby/1.9.1/rubygems/custom_require.rb:36:in `require'
	from /home/markovnin/www/priem/config.ru:3:in `block in <main>'
	from /usr/lib/ruby/gems/1.9.1/gems/rack-1.5.2/lib/rack/builder.rb:55:in `instance_eval'
	from /usr/lib/ruby/gems/1.9.1/gems/rack-1.5.2/lib/rack/builder.rb:55:in `initialize'
	from /home/markovnin/www/priem/config.ru:1:in `new'
	from /home/markovnin/www/priem/config.ru:1:in `<main>'
	from /usr/lib/ruby/gems/1.9.1/gems/thin-1.5.0/lib/rack/adapter/loader.rb:33:in `eval'
	from /usr/lib/ruby/gems/1.9.1/gems/thin-1.5.0/lib/rack/adapter/loader.rb:33:in `load'
	from /usr/lib/ruby/gems/1.9.1/gems/thin-1.5.0/lib/rack/adapter/loader.rb:42:in `for'
	from /usr/lib/ruby/gems/1.9.1/gems/thin-1.5.0/lib/thin/controllers/controller.rb:169:in `load_adapter'
	from /usr/lib/ruby/gems/1.9.1/gems/thin-1.5.0/lib/thin/controllers/controller.rb:73:in `start'
	from /usr/lib/ruby/gems/1.9.1/gems/thin-1.5.0/lib/thin/runner.rb:187:in `run_command'
	from /usr/lib/ruby/gems/1.9.1/gems/thin-1.5.0/lib/thin/runner.rb:152:in `run!'
	from /usr/lib/ruby/gems/1.9.1/gems/thin-1.5.0/bin/thin:6:in `<top (required)>'
	from /usr/bin/thin:23:in `load'
	from /usr/bin/thin:23:in `<main>'
>> Writing PID to tmp/pids/thin.pid
>> Using rack adapter
>> Thin web server (v1.5.0 codename Knife)
>> Maximum connections set to 1024
>> Listening on 0.0.0.0:8080, CTRL+C to stop
>> Exiting!
>> Writing PID to tmp/pids/thin.pid
>> Using rack adapter
>> Exiting!
/usr/lib/ruby/gems/1.9.1/gems/bundler-1.3.0/lib/bundler/runtime.rb:33:in `block in setup': You have already activated rack 1.5.2, but your Gemfile requires rack 1.4.5. Using bundle exec may solve this. (Gem::LoadError)
	from /usr/lib/ruby/gems/1.9.1/gems/bundler-1.3.0/lib/bundler/runtime.rb:19:in `setup'
	from /usr/lib/ruby/gems/1.9.1/gems/bundler-1.3.0/lib/bundler.rb:120:in `setup'
	from /usr/lib/ruby/gems/1.9.1/gems/bundler-1.3.0/lib/bundler/setup.rb:17:in `<top (required)>'
	from /usr/local/lib/site_ruby/1.9.1/rubygems/custom_require.rb:60:in `require'
	from /usr/local/lib/site_ruby/1.9.1/rubygems/custom_require.rb:60:in `rescue in require'
	from /usr/local/lib/site_ruby/1.9.1/rubygems/custom_require.rb:35:in `require'
	from /home/markovnin/www/priem/config/boot.rb:6:in `<top (required)>'
	from /usr/local/lib/site_ruby/1.9.1/rubygems/custom_require.rb:36:in `require'
	from /usr/local/lib/site_ruby/1.9.1/rubygems/custom_require.rb:36:in `require'
	from /home/markovnin/www/priem/config/application.rb:1:in `<top (required)>'
	from /usr/local/lib/site_ruby/1.9.1/rubygems/custom_require.rb:36:in `require'
	from /usr/local/lib/site_ruby/1.9.1/rubygems/custom_require.rb:36:in `require'
	from /home/markovnin/www/priem/config/environment.rb:2:in `<top (required)>'
	from /usr/local/lib/site_ruby/1.9.1/rubygems/custom_require.rb:36:in `require'
	from /usr/local/lib/site_ruby/1.9.1/rubygems/custom_require.rb:36:in `require'
	from /home/markovnin/www/priem/config.ru:3:in `block in <main>'
	from /usr/lib/ruby/gems/1.9.1/gems/rack-1.5.2/lib/rack/builder.rb:55:in `instance_eval'
	from /usr/lib/ruby/gems/1.9.1/gems/rack-1.5.2/lib/rack/builder.rb:55:in `initialize'
	from /home/markovnin/www/priem/config.ru:1:in `new'
	from /home/markovnin/www/priem/config.ru:1:in `<main>'
	from /usr/lib/ruby/gems/1.9.1/gems/thin-1.5.0/lib/rack/adapter/loader.rb:33:in `eval'
	from /usr/lib/ruby/gems/1.9.1/gems/thin-1.5.0/lib/rack/adapter/loader.rb:33:in `load'
	from /usr/lib/ruby/gems/1.9.1/gems/thin-1.5.0/lib/rack/adapter/loader.rb:42:in `for'
	from /usr/lib/ruby/gems/1.9.1/gems/thin-1.5.0/lib/thin/controllers/controller.rb:169:in `load_adapter'
	from /usr/lib/ruby/gems/1.9.1/gems/thin-1.5.0/lib/thin/controllers/controller.rb:73:in `start'
	from /usr/lib/ruby/gems/1.9.1/gems/thin-1.5.0/lib/thin/runner.rb:187:in `run_command'
	from /usr/lib/ruby/gems/1.9.1/gems/thin-1.5.0/lib/thin/runner.rb:152:in `run!'
	from /usr/lib/ruby/gems/1.9.1/gems/thin-1.5.0/bin/thin:6:in `<top (required)>'
	from /usr/bin/thin:23:in `load'
	from /usr/bin/thin:23:in `<main>'
>> Writing PID to tmp/pids/thin.pid
>> Using rack adapter
>> Thin web server (v1.5.0 codename Knife)
>> Maximum connections set to 1024
>> Listening on 0.0.0.0:8080, CTRL+C to stop
<Root>
  <AuthData>
    <Login>priem@isma.ivanovo.ru</Login>
    <Pass>FdW5jz7e</Pass>
  </AuthData>
  <PackageData>
    <CampaignInfo>
      <Campaigns>
        <Campaign>
          <UID>1</UID>
          <Name>Приёмная кампания 2013</Name>
          <YearStart>2013</YearStart>
          <YearEnd>2013</YearEnd>
          <EducationForms>
            <EducationFormID>11</EducationFormID>
          </EducationForms>
          <StatusID>0</StatusID>
          <EducationLevels>
            <EducationLevel>
              <Course>1</Course>
              <EducationLevelID>5</EducationLevelID>
            </EducationLevel>
          </EducationLevels>
          <CampaignDates>
            <CampaignDate>
              <UID>1</UID>
              <Course>1</Course>
              <EducationLevelID>5</EducationLevelID>
              <EducationFormID>11</EducationFormID>
              <EducationSourceID>14</EducationSourceID>
              <Stage>1</Stage>
              <DateStart>2013-06-20</DateStart>
              <DateEnd>2013-08-05</DateEnd>
              <DateOrder>2013-07-25</DateOrder>
            </CampaignDate>
          </CampaignDates>
        </Campaign>
      </Campaigns>
    </CampaignInfo>
  </PackageData>
</Root>
>> Exiting!
>> Writing PID to tmp/pids/thin.pid
>> Using rack adapter
>> Exiting!
/usr/lib/ruby/gems/1.9.1/gems/bundler-1.3.5/lib/bundler/runtime.rb:33:in `block in setup': You have already activated rack 1.5.2, but your Gemfile requires rack 1.4.5. Using bundle exec may solve this. (Gem::LoadError)
	from /usr/lib/ruby/gems/1.9.1/gems/bundler-1.3.5/lib/bundler/runtime.rb:19:in `setup'
	from /usr/lib/ruby/gems/1.9.1/gems/bundler-1.3.5/lib/bundler.rb:120:in `setup'
	from /usr/lib/ruby/gems/1.9.1/gems/bundler-1.3.5/lib/bundler/setup.rb:17:in `<top (required)>'
	from /usr/local/lib/site_ruby/1.9.1/rubygems/custom_require.rb:60:in `require'
	from /usr/local/lib/site_ruby/1.9.1/rubygems/custom_require.rb:60:in `rescue in require'
	from /usr/local/lib/site_ruby/1.9.1/rubygems/custom_require.rb:35:in `require'
	from /home/markovnin/www/priem/config/boot.rb:6:in `<top (required)>'
	from /usr/local/lib/site_ruby/1.9.1/rubygems/custom_require.rb:36:in `require'
	from /usr/local/lib/site_ruby/1.9.1/rubygems/custom_require.rb:36:in `require'
	from /home/markovnin/www/priem/config/application.rb:1:in `<top (required)>'
	from /usr/local/lib/site_ruby/1.9.1/rubygems/custom_require.rb:36:in `require'
	from /usr/local/lib/site_ruby/1.9.1/rubygems/custom_require.rb:36:in `require'
	from /home/markovnin/www/priem/config/environment.rb:2:in `<top (required)>'
	from /usr/local/lib/site_ruby/1.9.1/rubygems/custom_require.rb:36:in `require'
	from /usr/local/lib/site_ruby/1.9.1/rubygems/custom_require.rb:36:in `require'
	from /home/markovnin/www/priem/config.ru:3:in `block in <main>'
	from /usr/lib/ruby/gems/1.9.1/gems/rack-1.5.2/lib/rack/builder.rb:55:in `instance_eval'
	from /usr/lib/ruby/gems/1.9.1/gems/rack-1.5.2/lib/rack/builder.rb:55:in `initialize'
	from /home/markovnin/www/priem/config.ru:1:in `new'
	from /home/markovnin/www/priem/config.ru:1:in `<main>'
	from /usr/lib/ruby/gems/1.9.1/gems/thin-1.5.1/lib/rack/adapter/loader.rb:33:in `eval'
	from /usr/lib/ruby/gems/1.9.1/gems/thin-1.5.1/lib/rack/adapter/loader.rb:33:in `load'
	from /usr/lib/ruby/gems/1.9.1/gems/thin-1.5.1/lib/rack/adapter/loader.rb:42:in `for'
	from /usr/lib/ruby/gems/1.9.1/gems/thin-1.5.1/lib/thin/controllers/controller.rb:169:in `load_adapter'
	from /usr/lib/ruby/gems/1.9.1/gems/thin-1.5.1/lib/thin/controllers/controller.rb:73:in `start'
	from /usr/lib/ruby/gems/1.9.1/gems/thin-1.5.1/lib/thin/runner.rb:187:in `run_command'
	from /usr/lib/ruby/gems/1.9.1/gems/thin-1.5.1/lib/thin/runner.rb:152:in `run!'
	from /usr/lib/ruby/gems/1.9.1/gems/thin-1.5.1/bin/thin:6:in `<top (required)>'
	from /usr/bin/thin:23:in `load'
	from /usr/bin/thin:23:in `<main>'
>> Writing PID to tmp/pids/thin.pid
>> Using rack adapter
>> Thin web server (v1.5.1 codename Straight Razor)
>> Maximum connections set to 1024
>> Listening on 0.0.0.0:8083, CTRL+C to stop
>> Exiting!
/usr/lib/ruby/gems/1.9.1/gems/eventmachine-1.0.3/lib/eventmachine.rb:526:in `start_tcp_server': no acceptor (port is in use or requires root privileges) (RuntimeError)
	from /usr/lib/ruby/gems/1.9.1/gems/eventmachine-1.0.3/lib/eventmachine.rb:526:in `start_server'
	from /usr/lib/ruby/gems/1.9.1/gems/thin-1.5.1/lib/thin/backends/tcp_server.rb:16:in `connect'
	from /usr/lib/ruby/gems/1.9.1/gems/thin-1.5.1/lib/thin/backends/base.rb:55:in `block in start'
	from /usr/lib/ruby/gems/1.9.1/gems/eventmachine-1.0.3/lib/eventmachine.rb:187:in `call'
	from /usr/lib/ruby/gems/1.9.1/gems/eventmachine-1.0.3/lib/eventmachine.rb:187:in `run_machine'
	from /usr/lib/ruby/gems/1.9.1/gems/eventmachine-1.0.3/lib/eventmachine.rb:187:in `run'
	from /usr/lib/ruby/gems/1.9.1/gems/thin-1.5.1/lib/thin/backends/base.rb:63:in `start'
	from /usr/lib/ruby/gems/1.9.1/gems/thin-1.5.1/lib/thin/server.rb:159:in `start'
	from /usr/lib/ruby/gems/1.9.1/gems/thin-1.5.1/lib/thin/controllers/controller.rb:86:in `start'
	from /usr/lib/ruby/gems/1.9.1/gems/thin-1.5.1/lib/thin/runner.rb:187:in `run_command'
	from /usr/lib/ruby/gems/1.9.1/gems/thin-1.5.1/lib/thin/runner.rb:152:in `run!'
	from /usr/lib/ruby/gems/1.9.1/gems/thin-1.5.1/bin/thin:6:in `<top (required)>'
	from /usr/bin/thin:23:in `load'
	from /usr/bin/thin:23:in `<main>'
>> Writing PID to tmp/pids/thin.pid
>> Using rack adapter
>> Thin web server (v1.5.1 codename Straight Razor)
>> Maximum connections set to 1024
>> Listening on 0.0.0.0:8083, CTRL+C to stop
>> Exiting!
>> Writing PID to tmp/pids/thin.pid
>> Using rack adapter
>> Exiting!
/usr/lib/ruby/gems/1.9.1/gems/bundler-1.3.5/lib/bundler/runtime.rb:33:in `block in setup': You have already activated rack 1.5.2, but your Gemfile requires rack 1.4.5. Using bundle exec may solve this. (Gem::LoadError)
	from /usr/lib/ruby/gems/1.9.1/gems/bundler-1.3.5/lib/bundler/runtime.rb:19:in `setup'
	from /usr/lib/ruby/gems/1.9.1/gems/bundler-1.3.5/lib/bundler.rb:120:in `setup'
	from /usr/lib/ruby/gems/1.9.1/gems/bundler-1.3.5/lib/bundler/setup.rb:17:in `<top (required)>'
	from /usr/local/lib/site_ruby/1.9.1/rubygems/custom_require.rb:60:in `require'
	from /usr/local/lib/site_ruby/1.9.1/rubygems/custom_require.rb:60:in `rescue in require'
	from /usr/local/lib/site_ruby/1.9.1/rubygems/custom_require.rb:35:in `require'
	from /home/markovnin/www/priem/config/boot.rb:6:in `<top (required)>'
	from /usr/local/lib/site_ruby/1.9.1/rubygems/custom_require.rb:36:in `require'
	from /usr/local/lib/site_ruby/1.9.1/rubygems/custom_require.rb:36:in `require'
	from /home/markovnin/www/priem/config/application.rb:1:in `<top (required)>'
	from /usr/local/lib/site_ruby/1.9.1/rubygems/custom_require.rb:36:in `require'
	from /usr/local/lib/site_ruby/1.9.1/rubygems/custom_require.rb:36:in `require'
	from /home/markovnin/www/priem/config/environment.rb:2:in `<top (required)>'
	from /usr/local/lib/site_ruby/1.9.1/rubygems/custom_require.rb:36:in `require'
	from /usr/local/lib/site_ruby/1.9.1/rubygems/custom_require.rb:36:in `require'
	from /home/markovnin/www/priem/config.ru:3:in `block in <main>'
	from /usr/lib/ruby/gems/1.9.1/gems/rack-1.5.2/lib/rack/builder.rb:55:in `instance_eval'
	from /usr/lib/ruby/gems/1.9.1/gems/rack-1.5.2/lib/rack/builder.rb:55:in `initialize'
	from /home/markovnin/www/priem/config.ru:1:in `new'
	from /home/markovnin/www/priem/config.ru:1:in `<main>'
	from /usr/lib/ruby/gems/1.9.1/gems/thin-1.5.1/lib/rack/adapter/loader.rb:33:in `eval'
	from /usr/lib/ruby/gems/1.9.1/gems/thin-1.5.1/lib/rack/adapter/loader.rb:33:in `load'
	from /usr/lib/ruby/gems/1.9.1/gems/thin-1.5.1/lib/rack/adapter/loader.rb:42:in `for'
	from /usr/lib/ruby/gems/1.9.1/gems/thin-1.5.1/lib/thin/controllers/controller.rb:169:in `load_adapter'
	from /usr/lib/ruby/gems/1.9.1/gems/thin-1.5.1/lib/thin/controllers/controller.rb:73:in `start'
	from /usr/lib/ruby/gems/1.9.1/gems/thin-1.5.1/lib/thin/runner.rb:187:in `run_command'
	from /usr/lib/ruby/gems/1.9.1/gems/thin-1.5.1/lib/thin/runner.rb:152:in `run!'
	from /usr/lib/ruby/gems/1.9.1/gems/thin-1.5.1/bin/thin:6:in `<top (required)>'
	from /usr/bin/thin:23:in `load'
	from /usr/bin/thin:23:in `<main>'
>> Writing PID to tmp/pids/thin.pid
>> Using rack adapter
>> Thin web server (v1.5.1 codename Straight Razor)
>> Maximum connections set to 1024
>> Listening on 0.0.0.0:8083, CTRL+C to stop
[{"Code"=>"1", "Name"=>"Общеобразовательные предметы"}, {"Code"=>"2", "Name"=>"Уровень образования"}, {"Code"=>"3", "Name"=>"Уровень олимпиады"}, {"Code"=>"4", "Name"=>"Статус заявления"}, {"Code"=>"5", "Name"=>"Пол"}, {"Code"=>"6", "Name"=>"Основание для оценки"}, {"Code"=>"7", "Name"=>"Страна"}, {"Code"=>"10", "Name"=>"Направления подготовки"}, {"Code"=>"11", "Name"=>"Тип вступительных испытаний"}, {"Code"=>"12", "Name"=>"Статус проверки заявлений"}, {"Code"=>"13", "Name"=>"Статус проверки документа"}, {"Code"=>"14", "Name"=>"Форма обучения"}, {"Code"=>"15", "Name"=>"Источник финансирования"}, {"Code"=>"17", "Name"=>"Сообщения об ошибках"}, {"Code"=>"18", "Name"=>"Тип диплома"}, {"Code"=>"19", "Name"=>"Олимпиады"}, {"Code"=>"22", "Name"=>"Тип документа, удостоверяющего личность"}, {"Code"=>"23", "Name"=>"Группа инвалидности"}, {"Code"=>"30", "Name"=>"Вид льготы"}, {"Code"=>"31", "Name"=>"Тип документа"}, {"Code"=>"33", "Name"=>"Тип документа для вступительного испытания ОУ"}, {"Code"=>"34", "Name"=>"Статус приемной кампании"}]{"Code"=>"1", "Name"=>"Общеобразовательные предметы"}
{"Code"=>"2", "Name"=>"Уровень образования"}
{"Code"=>"3", "Name"=>"Уровень олимпиады"}
{"Code"=>"4", "Name"=>"Статус заявления"}
{"Code"=>"5", "Name"=>"Пол"}
{"Code"=>"6", "Name"=>"Основание для оценки"}
{"Code"=>"7", "Name"=>"Страна"}
{"Code"=>"10", "Name"=>"Направления подготовки"}
{"Code"=>"11", "Name"=>"Тип вступительных испытаний"}
{"Code"=>"12", "Name"=>"Статус проверки заявлений"}
{"Code"=>"13", "Name"=>"Статус проверки документа"}
{"Code"=>"14", "Name"=>"Форма обучения"}
{"Code"=>"15", "Name"=>"Источник финансирования"}
{"Code"=>"17", "Name"=>"Сообщения об ошибках"}
{"Code"=>"18", "Name"=>"Тип диплома"}
{"Code"=>"19", "Name"=>"Олимпиады"}
{"Code"=>"22", "Name"=>"Тип документа, удостоверяющего личность"}
{"Code"=>"23", "Name"=>"Группа инвалидности"}
{"Code"=>"30", "Name"=>"Вид льготы"}
{"Code"=>"31", "Name"=>"Тип документа"}
{"Code"=>"33", "Name"=>"Тип документа для вступительного испытания ОУ"}
{"Code"=>"34", "Name"=>"Статус приемной кампании"}
>> Exiting!
>> Writing PID to tmp/pids/thin.pid
>> Using rack adapter
>> Exiting!
/usr/lib/ruby/gems/1.9.1/gems/bundler-1.3.5/lib/bundler/runtime.rb:33:in `block in setup': You have already activated rack 1.5.2, but your Gemfile requires rack 1.4.5. Using bundle exec may solve this. (Gem::LoadError)
	from /usr/lib/ruby/gems/1.9.1/gems/bundler-1.3.5/lib/bundler/runtime.rb:19:in `setup'
	from /usr/lib/ruby/gems/1.9.1/gems/bundler-1.3.5/lib/bundler.rb:120:in `setup'
	from /usr/lib/ruby/gems/1.9.1/gems/bundler-1.3.5/lib/bundler/setup.rb:17:in `<top (required)>'
	from /usr/local/lib/site_ruby/1.9.1/rubygems/custom_require.rb:60:in `require'
	from /usr/local/lib/site_ruby/1.9.1/rubygems/custom_require.rb:60:in `rescue in require'
	from /usr/local/lib/site_ruby/1.9.1/rubygems/custom_require.rb:35:in `require'
	from /home/markovnin/www/priem/config/boot.rb:6:in `<top (required)>'
	from /usr/local/lib/site_ruby/1.9.1/rubygems/custom_require.rb:36:in `require'
	from /usr/local/lib/site_ruby/1.9.1/rubygems/custom_require.rb:36:in `require'
	from /home/markovnin/www/priem/config/application.rb:1:in `<top (required)>'
	from /usr/local/lib/site_ruby/1.9.1/rubygems/custom_require.rb:36:in `require'
	from /usr/local/lib/site_ruby/1.9.1/rubygems/custom_require.rb:36:in `require'
	from /home/markovnin/www/priem/config/environment.rb:2:in `<top (required)>'
	from /usr/local/lib/site_ruby/1.9.1/rubygems/custom_require.rb:36:in `require'
	from /usr/local/lib/site_ruby/1.9.1/rubygems/custom_require.rb:36:in `require'
	from /home/markovnin/www/priem/config.ru:3:in `block in <main>'
	from /usr/lib/ruby/gems/1.9.1/gems/rack-1.5.2/lib/rack/builder.rb:55:in `instance_eval'
	from /usr/lib/ruby/gems/1.9.1/gems/rack-1.5.2/lib/rack/builder.rb:55:in `initialize'
	from /home/markovnin/www/priem/config.ru:1:in `new'
	from /home/markovnin/www/priem/config.ru:1:in `<main>'
	from /usr/lib/ruby/gems/1.9.1/gems/thin-1.5.1/lib/rack/adapter/loader.rb:33:in `eval'
	from /usr/lib/ruby/gems/1.9.1/gems/thin-1.5.1/lib/rack/adapter/loader.rb:33:in `load'
	from /usr/lib/ruby/gems/1.9.1/gems/thin-1.5.1/lib/rack/adapter/loader.rb:42:in `for'
	from /usr/lib/ruby/gems/1.9.1/gems/thin-1.5.1/lib/thin/controllers/controller.rb:169:in `load_adapter'
	from /usr/lib/ruby/gems/1.9.1/gems/thin-1.5.1/lib/thin/controllers/controller.rb:73:in `start'
	from /usr/lib/ruby/gems/1.9.1/gems/thin-1.5.1/lib/thin/runner.rb:187:in `run_command'
	from /usr/lib/ruby/gems/1.9.1/gems/thin-1.5.1/lib/thin/runner.rb:152:in `run!'
	from /usr/lib/ruby/gems/1.9.1/gems/thin-1.5.1/bin/thin:6:in `<top (required)>'
	from /usr/bin/thin:23:in `load'
	from /usr/bin/thin:23:in `<main>'
>> Writing PID to tmp/pids/thin.pid
>> Using rack adapter
>> Thin web server (v1.5.1 codename Straight Razor)
>> Maximum connections set to 1024
>> Listening on 0.0.0.0:8083, CTRL+C to stop
>> Restarting ...
>> Writing PID to tmp/pids/thin.pid
>> Using rack adapter
/home/markovnin/www/priem/config/application.rb:5:in `<top (required)>': iconv will be deprecated in the future, use String#encode instead.
>> Thin web server (v1.5.1 codename Straight Razor)
>> Maximum connections set to 1024
>> Listening on 0.0.0.0:8083, CTRL+C to stop
